<?xml version="1.0" encoding="UTF-8"?>
<!-- Generated by org.testng.reporters.JUnitReportReporter -->
<testsuite skipped="0" hostname="imrans-MBP" name="tests.mainTests.AddCarPost" tests="2" failures="0" timestamp="2020-02-29T18:43:43 EET" time="186.318" errors="0">
  <testcase name="AddCarPostWithImages" time="93.568" classname="tests.mainTests.AddCarPost"/>
  <testcase name="AddCarPostWithoutImages" time="92.750" classname="tests.mainTests.AddCarPost"/>
</testsuite> <!-- tests.mainTests.AddCarPost -->
